Line 16: Class MSACAL.Calendar of control Calendar1 was not a loaded control class.
Line 22: The property name _Version in Calendar1 is invalid.
Line 23: The property name _ExtentX in Calendar1 is invalid.
Line 24: The property name _ExtentY in Calendar1 is invalid.
Line 25: The property name _StockProps in Calendar1 is invalid.
Line 27: The property name Year in Calendar1 is invalid.
Line 28: The property name Month in Calendar1 is invalid.
Line 29: The property name Day in Calendar1 is invalid.
Line 30: The property name DayLength in Calendar1 is invalid.
Line 31: The property name MonthLength in Calendar1 is invalid.
Line 32: The property name DayFontColor in Calendar1 is invalid.
Line 33: The property name FirstDay in Calendar1 is invalid.
Line 34: The property name GridCellEffect in Calendar1 is invalid.
Line 35: The property name GridFontColor in Calendar1 is invalid.
Line 36: The property name GridLinesColor in Calendar1 is invalid.
Line 37: The property name ShowDateSelectors in Calendar1 is invalid.
Line 38: The property name ShowDays in Calendar1 is invalid.
Line 39: The property name ShowHorizontalGrid in Calendar1 is invalid.
Line 40: The property name ShowTitle in Calendar1 is invalid.
Line 41: The property name ShowVerticalGrid in Calendar1 is invalid.
Line 42: The property name TitleFontColor in Calendar1 is invalid.
Line 43: The property name ValueIsNull in Calendar1 is invalid.
Line 52: The property name DayFont in Calendar1 is invalid.
Line 61: The property name GridFont in Calendar1 is invalid.
Line 70: The property name TitleFont in Calendar1 is invalid.
